{"name": "Standard user purchase journey with cart and checkout verification", "status": "broken", "statusDetails": {"message": "Exception: Could not find checkout button with any locator", "trace": "driver = <selenium.webdriver.chrome.webdriver.WebDriver (session=\"6962cb46a393a755b5524522f08047c4\")>\n\n    @pytest.mark.q2\n    @allure.feature('Purchase Journey')\n    @allure.story('Standard User Complete Purchase')\n    @allure.title('Standard user purchase journey with cart and checkout verification')\n    def test_standard_user_purchase_journey(driver):\n        # Initialize page objects\n        login_page = LoginPage(driver)\n        inventory_page = InventoryPage(driver)\n        cart_page = CartPage(driver)\n        checkout_page = CheckoutPage(driver)\n    \n        # 1. Login\n        login_page.open()\n        login_page.login(\"standard_user\", \"secret_sauce\")\n    \n        # 2. Reset App State\n        inventory_page.reset_app_state()\n    \n        # 3. Add three items to cart\n        products = [\"Sauce Labs Backpack\", \"Sauce Labs Bike Light\",\n                    \"Sauce Labs Bolt T-Shirt\"]\n        for product in products:\n            inventory_page.add_product_to_cart_by_name(product)\n    \n        # 4. Navigate to cart and proceed to checkout\n        inventory_page.go_to_cart()\n>       cart_page.proceed_to_checkout()\n\ntests\\test_q2_standard_user.py:34: \n_ _ _ _ _ _ _ _ _ _ _ _ _ _ _ _ _ _ _ _ _ _ _ _ _ _ _ _ _ _ _ _ _ _ _ _ _ _ _ _ _ _ _ _ _ _ _ _ _ _ _ _ _ _ _ _ _ _ _ _ \n\nself = <pages.cart_page.CartPage object at 0x000001C16ABC7380>\n\n    @allure.step(\"Proceed to checkout\")\n    def proceed_to_checkout(self):\n        time.sleep(1)  # Ensure page loaded\n    \n        # Try multiple locator strategies\n        locators = [\n            (By.ID, \"checkout\"),\n            (By.NAME, \"checkout\"),\n            (By.CSS_SELECTOR, \"[data-test='checkout']\"),\n            (By.XPATH, \"//button[contains(text(),'Checkout')]\"),\n            (By.CLASS_NAME, \"checkout_button\")\n        ]\n    \n        for locator in locators:\n            try:\n                self.click(locator)\n                return\n            except:\n                continue\n    \n>       raise Exception(\"Could not find checkout button with any locator\")\nE       Exception: Could not find checkout button with any locator\n\npages\\cart_page.py:43: Exception"}, "steps": [{"name": "Open login page", "status": "passed", "start": 1762581916117, "stop": 1762581917044}, {"name": "Login with username: 'standard_user'", "status": "passed", "parameters": [{"name": "username", "value": "'standard_user'"}, {"name": "password", "value": "'secret_sauce'"}], "start": 1762581917044, "stop": 1762581917361}, {"name": "Reset application state", "status": "passed", "steps": [{"name": "Open hamburger menu", "status": "passed", "start": 1762581917361, "stop": 1762581917946}], "start": 1762581917361, "stop": 1762581918528}, {"name": "Add product to cart: 'Sauce Labs Backpack'", "status": "passed", "parameters": [{"name": "name", "value": "'Sauce Labs Backpack'"}], "start": 1762581918528, "stop": 1762581918602}, {"name": "Add product to cart: 'Sauce Labs Bike Light'", "status": "passed", "parameters": [{"name": "name", "value": "'Sauce Labs Bike Light'"}], "start": 1762581918602, "stop": 1762581918667}, {"name": "Add product to cart: 'Sauce Labs Bolt T-Shirt'", "status": "passed", "parameters": [{"name": "name", "value": "'Sauce Labs Bolt T-Shirt'"}], "start": 1762581918667, "stop": 1762581918728}, {"name": "Navigate to shopping cart", "status": "passed", "start": 1762581918728, "stop": 1762581918803}, {"name": "Proceed to checkout", "status": "broken", "statusDetails": {"message": "Exception: Could not find checkout button with any locator\n", "trace": "  File \"D:\\saucedemo-automation\\venv\\Lib\\site-packages\\allure_commons\\_allure.py\", line 192, in impl\n    return func(*a, **kw)\n  File \"D:\\saucedemo-automation\\pages\\cart_page.py\", line 43, in proceed_to_checkout\n    raise Exception(\"Could not find checkout button with any locator\")\n"}, "start": 1762581918803, "stop": 1762581972446}], "start": 1762581916117, "stop": 1762581972448, "uuid": "19ddac99-de94-49ee-8cae-6ad4f47b1e72", "historyId": "9264f9da54db9260cb828a65524a786a", "testCaseId": "9264f9da54db9260cb828a65524a786a", "fullName": "tests.test_q2_standard_user#test_standard_user_purchase_journey", "labels": [{"name": "story", "value": "Standard User Complete Purchase"}, {"name": "feature", "value": "Purchase Journey"}, {"name": "tag", "value": "q2"}, {"name": "parentSuite", "value": "tests"}, {"name": "suite", "value": "test_q2_standard_user"}, {"name": "host", "value": "Nihal-Islam-Laptop"}, {"name": "thread", "value": "25708-MainThread"}, {"name": "framework", "value": "pytest"}, {"name": "language", "value": "cpython3"}, {"name": "package", "value": "tests.test_q2_standard_user"}]}