{"name": "Performance user purchase with Z-A sorting and price verification", "status": "broken", "statusDetails": {"message": "selenium.common.exceptions.TimeoutException: Message:", "trace": "driver = <selenium.webdriver.chrome.webdriver.WebDriver (session=\"63b8349b9915e7ba08e611899c6c923c\")>\n\n    @pytest.mark.q3\n    @allure.feature('Purchase Journey')\n    @allure.story('Performance User with Sorting')\n    @allure.title('Performance user purchase with Z-A sorting and price verification')\n    def test_performance_user_purchase_with_sorting(driver):\n        # Initialize page objects\n        login_page = LoginPage(driver)\n        inventory_page = InventoryPage(driver)\n        cart_page = CartPage(driver)\n        checkout_page = CheckoutPage(driver)\n    \n        # 1. Login\n        login_page.open()\n        login_page.login(\"performance_glitch_user\", \"secret_sauce\")\n    \n        # 2. Reset App State FIRST\n        inventory_page.reset_app_state()\n    \n        # 3. Filter by name (Z to A)\n        inventory_page.sort_products(\"za\")\n    \n        # 4. Verify first product name\n        first_product = inventory_page.get_first_product_name()\n        assert first_product == \"Test.allTheThings() T-Shirt (Red)\", \\\n            f\"Expected 'Test.allTheThings() T-Shirt (Red)' but got '{first_product}'\"\n    \n        # 5. Add first product to cart\n        inventory_page.add_first_product_to_cart()\n    \n        # 6. Navigate to cart and proceed to checkout\n        inventory_page.go_to_cart()\n        cart_page.proceed_to_checkout()\n    \n        # 7. Fill checkout information\n        checkout_page.fill_checkout_information(\"Jane\", \"Smith\", \"54321\")\n        checkout_page.click_continue()\n    \n        # 8. Verify all product names on final checkout page\n        displayed_products = checkout_page.get_all_product_names()\n        assert first_product in displayed_products, \\\n            f\"{first_product} not found in checkout page\"\n    \n        # 9. Verify total price\n        total_price = checkout_page.get_total_price()\n        assert total_price is not None, \"Total price not displayed\"\n    \n        # 10. Finish purchase\n        checkout_page.click_finish()\n    \n        # 11. Verify successful order message\n        success_message = checkout_page.get_complete_message()\n        assert \"Thank you for your order\" in success_message or success_message == \"Thank you for your order!\"\n    \n        # 12. Reset and Logout\n        checkout_page.back_to_products()\n>       inventory_page.reset_app_state()\n\ntests\\test_q3_performance_user.py:63: \n_ _ _ _ _ _ _ _ _ _ _ _ _ _ _ _ _ _ _ _ _ _ _ _ _ _ _ _ _ _ _ _ _ _ _ _ _ _ _ _ _ _ _ _ _ _ _ _ _ _ _ _ _ _ _ _ _ _ _\npages\\inventory_page.py:40: in reset_app_state\n    self.click(self.RESET_LINK)\npages\\base_page.py:21: in click\n    element = self.wait.until(EC.element_to_be_clickable(locator))\n_ _ _ _ _ _ _ _ _ _ _ _ _ _ _ _ _ _ _ _ _ _ _ _ _ _ _ _ _ _ _ _ _ _ _ _ _ _ _ _ _ _ _ _ _ _ _ _ _ _ _ _ _ _ _ _ _ _ _\n\nself = <selenium.webdriver.support.wait.WebDriverWait (session=\"63b8349b9915e7ba08e611899c6c923c\")>\nmethod = <function element_to_be_clickable.<locals>._predicate at 0x000001C711B07EC0>, message = ''\n\n    def until(self, method: Callable[[D], Union[Literal[False], T]], message: str = \"\") -> T:\n        \"\"\"Calls the method provided with the driver as an argument until the \\\n        return value does not evaluate to ``False``.\n    \n        :param method: callable(WebDriver)\n        :param message: optional message for :exc:`TimeoutException`\n        :returns: the result of the last call to `method`\n        :raises: :exc:`selenium.common.exceptions.TimeoutException` if timeout occurs\n        \"\"\"\n        screen = None\n        stacktrace = None\n    \n        end_time = time.monotonic() + self._timeout\n        while True:\n            try:\n                value = method(self._driver)\n                if value:\n                    return value\n            except self._ignored_exceptions as exc:\n                screen = getattr(exc, \"screen\", None)\n                stacktrace = getattr(exc, \"stacktrace\", None)\n            time.sleep(self._poll)\n            if time.monotonic() > end_time:\n                break\n>       raise TimeoutException(message, screen, stacktrace)\nE       selenium.common.exceptions.TimeoutException: Message:\n\nvenv\\Lib\\site-packages\\selenium\\webdriver\\support\\wait.py:105: TimeoutException"}, "steps": [{"name": "Open login page", "status": "passed", "start": 1762584426821, "stop": 1762584428070}, {"name": "Login with username: 'performance_glitch_user'", "status": "passed", "parameters": [{"name": "username", "value": "'performance_glitch_user'"}, {"name": "password", "value": "'secret_sauce'"}], "start": 1762584428070, "stop": 1762584433417}, {"name": "Reset application state", "status": "passed", "start": 1762584433417, "stop": 1762584440743}, {"name": "Sort products by: 'za'", "status": "passed", "parameters": [{"name": "sort_option", "value": "'za'"}], "start": 1762584440743, "stop": 1762584447820}, {"name": "Get first product name", "status": "passed", "start": 1762584447820, "stop": 1762584447844}, {"name": "Add first product to cart", "status": "passed", "start": 1762584447844, "stop": 1762584448421}, {"name": "Navigate to shopping cart", "status": "passed", "start": 1762584448421, "stop": 1762584450633}, {"name": "Proceed to checkout", "status": "passed", "start": 1762584450633, "stop": 1762584451743}, {"name": "Fill checkout information", "status": "passed", "parameters": [{"name": "first", "value": "'Jane'"}, {"name": "last", "value": "'Smith'"}, {"name": "postal", "value": "'54321'"}], "start": 1762584451743, "stop": 1762584452027}, {"name": "Click continue button", "status": "passed", "start": 1762584452027, "stop": 1762584452111}, {"name": "Get all product names in checkout", "status": "passed", "start": 1762584452111, "stop": 1762584452131}, {"name": "Get total price", "status": "passed", "start": 1762584452131, "stop": 1762584452152}, {"name": "Click finish button", "status": "passed", "start": 1762584452152, "stop": 1762584452237}, {"name": "Get order complete message", "status": "passed", "start": 1762584452237, "stop": 1762584452261}, {"name": "Navigate back to products", "status": "passed", "start": 1762584452261, "stop": 1762584457380}, {"name": "Reset application state", "status": "broken", "statusDetails": {"message": "selenium.common.exceptions.TimeoutException: Message: \n\n", "trace": "  File \"D:\\saucedemo-automation\\venv\\Lib\\site-packages\\allure_commons\\_allure.py\", line 192, in impl\n    return func(*a, **kw)\n  File \"D:\\saucedemo-automation\\pages\\inventory_page.py\", line 40, in reset_app_state\n    self.click(self.RESET_LINK)\n    ~~~~~~~~~~^^^^^^^^^^^^^^^^^\n  File \"D:\\saucedemo-automation\\pages\\base_page.py\", line 21, in click\n    element = self.wait.until(EC.element_to_be_clickable(locator))\n  File \"D:\\saucedemo-automation\\venv\\Lib\\site-packages\\selenium\\webdriver\\support\\wait.py\", line 105, in until\n    raise TimeoutException(message, screen, stacktrace)\n"}, "start": 1762584457380, "stop": 1762584472415}], "start": 1762584426820, "stop": 1762584472421, "uuid": "fdba1454-b3e4-488f-9eaf-05eab2ff16c0", "historyId": "d08edce47fae06d2608758864e6103d8", "testCaseId": "d08edce47fae06d2608758864e6103d8", "fullName": "tests.test_q3_performance_user#test_performance_user_purchase_with_sorting", "labels": [{"name": "feature", "value": "Purchase Journey"}, {"name": "story", "value": "Performance User with Sorting"}, {"name": "tag", "value": "q3"}, {"name": "parentSuite", "value": "tests"}, {"name": "suite", "value": "test_q3_performance_user"}, {"name": "host", "value": "Nihal-Islam-Laptop"}, {"name": "thread", "value": "27284-MainThread"}, {"name": "framework", "value": "pytest"}, {"name": "language", "value": "cpython3"}, {"name": "package", "value": "tests.test_q3_performance_user"}]}