{"name": "Standard user purchase journey with cart and checkout verification", "status": "broken", "statusDetails": {"message": "selenium.common.exceptions.TimeoutException: Message: \nStacktrace:\n\tGetHandleVerifier [0x0x108fe43+66515]\n\tGetHandleVerifier [0x0x108fe84+66580]\n\t(No symbol) [0x0xe7dc48]\n\t(No symbol) [0x0xec8704]\n\t(No symbol) [0x0xec8aab]\n\t(No symbol) [0x0xf0f482]\n\t(No symbol) [0x0xeeb214]\n\t(No symbol) [0x0xf0cba7]\n\t(No symbol) [0x0xeeafc6]\n\t(No symbol) [0x0xebc2ca]\n\t(No symbol) [0x0xebd154]\n\tGetHandleVerifier [0x0x12e7353+2521315]\n\tGetHandleVerifier [0x0x12e22d3+2500707]\n\tGetHandleVerifier [0x0x10b7c94+229924]\n\tGetHandleVerifier [0x0x10a81f8+165768]\n\tGetHandleVerifier [0x0x10aecad+193085]\n\tGetHandleVerifier [0x0x1098158+100072]\n\tGetHandleVerifier [0x0x10982f0+100480]\n\tGetHandleVerifier [0x0x10825aa+11066]\n\tBaseThreadInitThunk [0x0x763f5d49+25]\n\tRtlInitializeExceptionChain [0x0x77b6d6db+107]\n\tRtlGetAppContainerNamedObjectPath [0x0x77b6d661+561]", "trace": "driver = <selenium.webdriver.chrome.webdriver.WebDriver (session=\"173e15592208deed2e205f6d50a5a70f\")>\n\n    @pytest.mark.q2\n    @allure.feature('Purchase Journey')\n    @allure.story('Standard User Complete Purchase')\n    @allure.title('Standard user purchase journey with cart and checkout verification')\n    def test_standard_user_purchase_journey(driver):\n        # Initialize page objects\n        login_page = LoginPage(driver)\n        inventory_page = InventoryPage(driver)\n        cart_page = CartPage(driver)\n        checkout_page = CheckoutPage(driver)\n    \n        # 1. Login\n        login_page.open()\n        login_page.login(\"standard_user\", \"secret_sauce\")\n    \n        # 2. Reset App State\n        inventory_page.reset_app_state()\n    \n        # 3. Add three items to cart\n        products = [\"Sauce Labs Backpack\", \"Sauce Labs Bike Light\",\n                    \"Sauce Labs Bolt T-Shirt\"]\n        for product in products:\n            inventory_page.add_product_to_cart_by_name(product)\n    \n        # 4. Navigate to cart and proceed to checkout\n        inventory_page.go_to_cart()\n>       cart_page.proceed_to_checkout()\n\ntests\\test_q2_standard_user.py:34: \n_ _ _ _ _ _ _ _ _ _ _ _ _ _ _ _ _ _ _ _ _ _ _ _ _ _ _ _ _ _ _ _ _ _ _ _ _ _ _ _ _ _ _ _ _ _ _ _ _ _ _ _ _ _ _ _ _ _ _ _ \npages\\cart_page.py:31: in proceed_to_checkout\n    self.click(self.CHECKOUT_BUTTON)\npages\\base_page.py:21: in click\n    element = self.wait.until(EC.element_to_be_clickable(locator))\n_ _ _ _ _ _ _ _ _ _ _ _ _ _ _ _ _ _ _ _ _ _ _ _ _ _ _ _ _ _ _ _ _ _ _ _ _ _ _ _ _ _ _ _ _ _ _ _ _ _ _ _ _ _ _ _ _ _ _ _ \n\nself = <selenium.webdriver.support.wait.WebDriverWait (session=\"173e15592208deed2e205f6d50a5a70f\")>\nmethod = <function element_to_be_clickable.<locals>._predicate at 0x000001F0107B2FC0>, message = ''\n\n    def until(self, method: Callable[[D], Union[Literal[False], T]], message: str = \"\") -> T:\n        \"\"\"Calls the method provided with the driver as an argument until the \\\n        return value does not evaluate to ``False``.\n    \n        :param method: callable(WebDriver)\n        :param message: optional message for :exc:`TimeoutException`\n        :returns: the result of the last call to `method`\n        :raises: :exc:`selenium.common.exceptions.TimeoutException` if timeout occurs\n        \"\"\"\n        screen = None\n        stacktrace = None\n    \n        end_time = time.monotonic() + self._timeout\n        while True:\n            try:\n                value = method(self._driver)\n                if value:\n                    return value\n            except self._ignored_exceptions as exc:\n                screen = getattr(exc, \"screen\", None)\n                stacktrace = getattr(exc, \"stacktrace\", None)\n            time.sleep(self._poll)\n            if time.monotonic() > end_time:\n                break\n>       raise TimeoutException(message, screen, stacktrace)\nE       selenium.common.exceptions.TimeoutException: Message: \nE       Stacktrace:\nE       \tGetHandleVerifier [0x0x108fe43+66515]\nE       \tGetHandleVerifier [0x0x108fe84+66580]\nE       \t(No symbol) [0x0xe7dc48]\nE       \t(No symbol) [0x0xec8704]\nE       \t(No symbol) [0x0xec8aab]\nE       \t(No symbol) [0x0xf0f482]\nE       \t(No symbol) [0x0xeeb214]\nE       \t(No symbol) [0x0xf0cba7]\nE       \t(No symbol) [0x0xeeafc6]\nE       \t(No symbol) [0x0xebc2ca]\nE       \t(No symbol) [0x0xebd154]\nE       \tGetHandleVerifier [0x0x12e7353+2521315]\nE       \tGetHandleVerifier [0x0x12e22d3+2500707]\nE       \tGetHandleVerifier [0x0x10b7c94+229924]\nE       \tGetHandleVerifier [0x0x10a81f8+165768]\nE       \tGetHandleVerifier [0x0x10aecad+193085]\nE       \tGetHandleVerifier [0x0x1098158+100072]\nE       \tGetHandleVerifier [0x0x10982f0+100480]\nE       \tGetHandleVerifier [0x0x10825aa+11066]\nE       \tBaseThreadInitThunk [0x0x763f5d49+25]\nE       \tRtlInitializeExceptionChain [0x0x77b6d6db+107]\nE       \tRtlGetAppContainerNamedObjectPath [0x0x77b6d661+561]\n\nvenv\\Lib\\site-packages\\selenium\\webdriver\\support\\wait.py:105: TimeoutException"}, "steps": [{"name": "Open login page", "status": "passed", "start": 1762581741896, "stop": 1762581742533}, {"name": "Login with username: 'standard_user'", "status": "passed", "parameters": [{"name": "username", "value": "'standard_user'"}, {"name": "password", "value": "'secret_sauce'"}], "start": 1762581742533, "stop": 1762581742838}, {"name": "Reset application state", "status": "passed", "steps": [{"name": "Open hamburger menu", "status": "passed", "start": 1762581742838, "stop": 1762581743427}], "start": 1762581742838, "stop": 1762581744014}, {"name": "Add product to cart: 'Sauce Labs Backpack'", "status": "passed", "parameters": [{"name": "name", "value": "'Sauce Labs Backpack'"}], "start": 1762581744014, "stop": 1762581744092}, {"name": "Add product to cart: 'Sauce Labs Bike Light'", "status": "passed", "parameters": [{"name": "name", "value": "'Sauce Labs Bike Light'"}], "start": 1762581744092, "stop": 1762581744151}, {"name": "Add product to cart: 'Sauce Labs Bolt T-Shirt'", "status": "passed", "parameters": [{"name": "name", "value": "'Sauce Labs Bolt T-Shirt'"}], "start": 1762581744151, "stop": 1762581744210}, {"name": "Navigate to shopping cart", "status": "passed", "start": 1762581744210, "stop": 1762581744273}, {"name": "Proceed to checkout", "status": "broken", "statusDetails": {"message": "selenium.common.exceptions.TimeoutException: Message: \nStacktrace:\n\tGetHandleVerifier [0x0x108fe43+66515]\n\tGetHandleVerifier [0x0x108fe84+66580]\n\t(No symbol) [0x0xe7dc48]\n\t(No symbol) [0x0xec8704]\n\t(No symbol) [0x0xec8aab]\n\t(No symbol) [0x0xf0f482]\n\t(No symbol) [0x0xeeb214]\n\t(No symbol) [0x0xf0cba7]\n\t(No symbol) [0x0xeeafc6]\n\t(No symbol) [0x0xebc2ca]\n\t(No symbol) [0x0xebd154]\n\tGetHandleVerifier [0x0x12e7353+2521315]\n\tGetHandleVerifier [0x0x12e22d3+2500707]\n\tGetHandleVerifier [0x0x10b7c94+229924]\n\tGetHandleVerifier [0x0x10a81f8+165768]\n\tGetHandleVerifier [0x0x10aecad+193085]\n\tGetHandleVerifier [0x0x1098158+100072]\n\tGetHandleVerifier [0x0x10982f0+100480]\n\tGetHandleVerifier [0x0x10825aa+11066]\n\tBaseThreadInitThunk [0x0x763f5d49+25]\n\tRtlInitializeExceptionChain [0x0x77b6d6db+107]\n\tRtlGetAppContainerNamedObjectPath [0x0x77b6d661+561]\n\n", "trace": "  File \"D:\\saucedemo-automation\\venv\\Lib\\site-packages\\allure_commons\\_allure.py\", line 192, in impl\n    return func(*a, **kw)\n  File \"D:\\saucedemo-automation\\pages\\cart_page.py\", line 31, in proceed_to_checkout\n    self.click(self.CHECKOUT_BUTTON)\n    ~~~~~~~~~~^^^^^^^^^^^^^^^^^^^^^^\n  File \"D:\\saucedemo-automation\\pages\\base_page.py\", line 21, in click\n    element = self.wait.until(EC.element_to_be_clickable(locator))\n  File \"D:\\saucedemo-automation\\venv\\Lib\\site-packages\\selenium\\webdriver\\support\\wait.py\", line 105, in until\n    raise TimeoutException(message, screen, stacktrace)\n"}, "start": 1762581744273, "stop": 1762581755786}], "start": 1762581741896, "stop": 1762581755790, "uuid": "50a006f7-4097-476a-8dc9-bae3beb159d3", "historyId": "9264f9da54db9260cb828a65524a786a", "testCaseId": "9264f9da54db9260cb828a65524a786a", "fullName": "tests.test_q2_standard_user#test_standard_user_purchase_journey", "labels": [{"name": "feature", "value": "Purchase Journey"}, {"name": "story", "value": "Standard User Complete Purchase"}, {"name": "tag", "value": "q2"}, {"name": "parentSuite", "value": "tests"}, {"name": "suite", "value": "test_q2_standard_user"}, {"name": "host", "value": "Nihal-Islam-Laptop"}, {"name": "thread", "value": "11824-MainThread"}, {"name": "framework", "value": "pytest"}, {"name": "language", "value": "cpython3"}, {"name": "package", "value": "tests.test_q2_standard_user"}]}