{"name": "Performance user purchase with Z-A sorting and price verification", "status": "broken", "statusDetails": {"message": "selenium.common.exceptions.TimeoutException: Message: \nStacktrace:\n\tGetHandleVerifier [0x0x108fe43+66515]\n\tGetHandleVerifier [0x0x108fe84+66580]\n\t(No symbol) [0x0xe7dc48]\n\t(No symbol) [0x0xec8704]\n\t(No symbol) [0x0xec8aab]\n\t(No symbol) [0x0xf0f482]\n\t(No symbol) [0x0xeeb214]\n\t(No symbol) [0x0xf0cba7]\n\t(No symbol) [0x0xeeafc6]\n\t(No symbol) [0x0xebc2ca]\n\t(No symbol) [0x0xebd154]\n\tGetHandleVerifier [0x0x12e7353+2521315]\n\tGetHandleVerifier [0x0x12e22d3+2500707]\n\tGetHandleVerifier [0x0x10b7c94+229924]\n\tGetHandleVerifier [0x0x10a81f8+165768]\n\tGetHandleVerifier [0x0x10aecad+193085]\n\tGetHandleVerifier [0x0x1098158+100072]\n\tGetHandleVerifier [0x0x10982f0+100480]\n\tGetHandleVerifier [0x0x10825aa+11066]\n\tBaseThreadInitThunk [0x0x763f5d49+25]\n\tRtlInitializeExceptionChain [0x0x77b6d6db+107]\n\tRtlGetAppContainerNamedObjectPath [0x0x77b6d661+561]", "trace": "driver = <selenium.webdriver.chrome.webdriver.WebDriver (session=\"05c26c9eb6cbbe06e00b9bea55858b31\")>\n\n    @pytest.mark.q3\n    @allure.feature('Purchase Journey')\n    @allure.story('Performance User with Sorting')\n    @allure.title('Performance user purchase with Z-A sorting and price verification')\n    def test_performance_user_purchase_with_sorting(driver):\n        # Initialize page objects\n        login_page = LoginPage(driver)\n        inventory_page = InventoryPage(driver)\n        cart_page = CartPage(driver)\n        checkout_page = CheckoutPage(driver)\n    \n        # 1. Login\n        login_page.open()\n        login_page.login(\"performance_glitch_user\", \"secret_sauce\")\n    \n        # 2. Reset App State FIRST\n        inventory_page.reset_app_state()\n    \n        # 3. Filter by name (Z to A)\n        inventory_page.sort_products(\"za\")\n    \n        # 4. Verify first product name\n        first_product = inventory_page.get_first_product_name()\n        assert first_product == \"Test.allTheThings() T-Shirt (Red)\", \\\n            f\"Expected 'Test.allTheThings() T-Shirt (Red)' but got '{first_product}'\"\n    \n        # 5. Add first product to cart\n        inventory_page.add_first_product_to_cart()\n    \n        # 6. Navigate to cart and proceed to checkout\n        inventory_page.go_to_cart()\n>       cart_page.proceed_to_checkout()\n\ntests\\test_q3_performance_user.py:39: \n_ _ _ _ _ _ _ _ _ _ _ _ _ _ _ _ _ _ _ _ _ _ _ _ _ _ _ _ _ _ _ _ _ _ _ _ _ _ _ _ _ _ _ _ _ _ _ _ _ _ _ _ _ _ _ _ _ _ _ _ \npages\\cart_page.py:42: in proceed_to_checkout\n    self.click(self.CHECKOUT_BUTTON)\npages\\base_page.py:21: in click\n    element = self.wait.until(EC.element_to_be_clickable(locator))\n_ _ _ _ _ _ _ _ _ _ _ _ _ _ _ _ _ _ _ _ _ _ _ _ _ _ _ _ _ _ _ _ _ _ _ _ _ _ _ _ _ _ _ _ _ _ _ _ _ _ _ _ _ _ _ _ _ _ _ _ \n\nself = <selenium.webdriver.support.wait.WebDriverWait (session=\"05c26c9eb6cbbe06e00b9bea55858b31\")>\nmethod = <function element_to_be_clickable.<locals>._predicate at 0x0000022D784B2F20>, message = ''\n\n    def until(self, method: Callable[[D], Union[Literal[False], T]], message: str = \"\") -> T:\n        \"\"\"Calls the method provided with the driver as an argument until the \\\n        return value does not evaluate to ``False``.\n    \n        :param method: callable(WebDriver)\n        :param message: optional message for :exc:`TimeoutException`\n        :returns: the result of the last call to `method`\n        :raises: :exc:`selenium.common.exceptions.TimeoutException` if timeout occurs\n        \"\"\"\n        screen = None\n        stacktrace = None\n    \n        end_time = time.monotonic() + self._timeout\n        while True:\n            try:\n                value = method(self._driver)\n                if value:\n                    return value\n            except self._ignored_exceptions as exc:\n                screen = getattr(exc, \"screen\", None)\n                stacktrace = getattr(exc, \"stacktrace\", None)\n            time.sleep(self._poll)\n            if time.monotonic() > end_time:\n                break\n>       raise TimeoutException(message, screen, stacktrace)\nE       selenium.common.exceptions.TimeoutException: Message: \nE       Stacktrace:\nE       \tGetHandleVerifier [0x0x108fe43+66515]\nE       \tGetHandleVerifier [0x0x108fe84+66580]\nE       \t(No symbol) [0x0xe7dc48]\nE       \t(No symbol) [0x0xec8704]\nE       \t(No symbol) [0x0xec8aab]\nE       \t(No symbol) [0x0xf0f482]\nE       \t(No symbol) [0x0xeeb214]\nE       \t(No symbol) [0x0xf0cba7]\nE       \t(No symbol) [0x0xeeafc6]\nE       \t(No symbol) [0x0xebc2ca]\nE       \t(No symbol) [0x0xebd154]\nE       \tGetHandleVerifier [0x0x12e7353+2521315]\nE       \tGetHandleVerifier [0x0x12e22d3+2500707]\nE       \tGetHandleVerifier [0x0x10b7c94+229924]\nE       \tGetHandleVerifier [0x0x10a81f8+165768]\nE       \tGetHandleVerifier [0x0x10aecad+193085]\nE       \tGetHandleVerifier [0x0x1098158+100072]\nE       \tGetHandleVerifier [0x0x10982f0+100480]\nE       \tGetHandleVerifier [0x0x10825aa+11066]\nE       \tBaseThreadInitThunk [0x0x763f5d49+25]\nE       \tRtlInitializeExceptionChain [0x0x77b6d6db+107]\nE       \tRtlGetAppContainerNamedObjectPath [0x0x77b6d661+561]\n\nvenv\\Lib\\site-packages\\selenium\\webdriver\\support\\wait.py:105: TimeoutException"}, "steps": [{"name": "Open login page", "status": "passed", "start": 1762582590046, "stop": 1762582591416}, {"name": "Login with username: 'performance_glitch_user'", "status": "passed", "parameters": [{"name": "username", "value": "'performance_glitch_user'"}, {"name": "password", "value": "'secret_sauce'"}], "start": 1762582591416, "stop": 1762582596738}, {"name": "Reset application state", "status": "passed", "steps": [{"name": "Open hamburger menu", "status": "passed", "start": 1762582596738, "stop": 1762582597309}, {"name": "Close hamburger menu", "status": "passed", "start": 1762582597884, "stop": 1762582598451}], "start": 1762582596738, "stop": 1762582598451}, {"name": "Sort products by: 'za'", "status": "passed", "parameters": [{"name": "sort_option", "value": "'za'"}], "start": 1762582598451, "stop": 1762582604532}, {"name": "Get first product name", "status": "passed", "start": 1762582604532, "stop": 1762582604557}, {"name": "Add first product to cart", "status": "passed", "start": 1762582604557, "stop": 1762582604932}, {"name": "Navigate to shopping cart", "status": "passed", "start": 1762582604932, "stop": 1762582605996}, {"name": "Proceed to checkout", "status": "broken", "statusDetails": {"message": "selenium.common.exceptions.TimeoutException: Message: \nStacktrace:\n\tGetHandleVerifier [0x0x108fe43+66515]\n\tGetHandleVerifier [0x0x108fe84+66580]\n\t(No symbol) [0x0xe7dc48]\n\t(No symbol) [0x0xec8704]\n\t(No symbol) [0x0xec8aab]\n\t(No symbol) [0x0xf0f482]\n\t(No symbol) [0x0xeeb214]\n\t(No symbol) [0x0xf0cba7]\n\t(No symbol) [0x0xeeafc6]\n\t(No symbol) [0x0xebc2ca]\n\t(No symbol) [0x0xebd154]\n\tGetHandleVerifier [0x0x12e7353+2521315]\n\tGetHandleVerifier [0x0x12e22d3+2500707]\n\tGetHandleVerifier [0x0x10b7c94+229924]\n\tGetHandleVerifier [0x0x10a81f8+165768]\n\tGetHandleVerifier [0x0x10aecad+193085]\n\tGetHandleVerifier [0x0x1098158+100072]\n\tGetHandleVerifier [0x0x10982f0+100480]\n\tGetHandleVerifier [0x0x10825aa+11066]\n\tBaseThreadInitThunk [0x0x763f5d49+25]\n\tRtlInitializeExceptionChain [0x0x77b6d6db+107]\n\tRtlGetAppContainerNamedObjectPath [0x0x77b6d661+561]\n\n", "trace": "  File \"D:\\saucedemo-automation\\venv\\Lib\\site-packages\\allure_commons\\_allure.py\", line 192, in impl\n    return func(*a, **kw)\n  File \"D:\\saucedemo-automation\\pages\\cart_page.py\", line 42, in proceed_to_checkout\n    self.click(self.CHECKOUT_BUTTON)\n    ~~~~~~~~~~^^^^^^^^^^^^^^^^^^^^^^\n  File \"D:\\saucedemo-automation\\pages\\base_page.py\", line 21, in click\n    element = self.wait.until(EC.element_to_be_clickable(locator))\n  File \"D:\\saucedemo-automation\\venv\\Lib\\site-packages\\selenium\\webdriver\\support\\wait.py\", line 105, in until\n    raise TimeoutException(message, screen, stacktrace)\n"}, "attachments": [{"name": "checkout_error", "source": "95b0d67c-fe51-4cb7-b6ca-e221a3f9595e-attachment.png", "type": "image/png"}], "start": 1762582605996, "stop": 1762582628583}], "attachments": [{"name": "stdout", "source": "14c3f807-4afd-4eab-9198-a82f0af2945d-attachment.txt", "type": "text/plain"}], "start": 1762582590045, "stop": 1762582628584, "uuid": "ce57ed06-5253-40de-85ae-9bf9c3600071", "historyId": "d08edce47fae06d2608758864e6103d8", "testCaseId": "d08edce47fae06d2608758864e6103d8", "fullName": "tests.test_q3_performance_user#test_performance_user_purchase_with_sorting", "labels": [{"name": "feature", "value": "Purchase Journey"}, {"name": "story", "value": "Performance User with Sorting"}, {"name": "tag", "value": "q3"}, {"name": "parentSuite", "value": "tests"}, {"name": "suite", "value": "test_q3_performance_user"}, {"name": "host", "value": "Nihal-Islam-Laptop"}, {"name": "thread", "value": "3240-MainThread"}, {"name": "framework", "value": "pytest"}, {"name": "language", "value": "cpython3"}, {"name": "package", "value": "tests.test_q3_performance_user"}]}