{"name": "Standard user purchase journey with cart and checkout verification", "status": "failed", "statusDetails": {"message": "AssertionError: Sauce Labs Backpack not found in checkout\nassert 'Sauce Labs Backpack' in ['Sauce Labs Bike Light', 'Sauce Labs Bolt T-Shirt']", "trace": "driver = <selenium.webdriver.chrome.webdriver.WebDriver (session=\"2c08cdcdccdcaea1f3b980fb5758af99\")>\n\n    @pytest.mark.q2\n    @allure.feature('Purchase Journey')\n    @allure.story('Standard User Complete Purchase')\n    @allure.title('Standard user purchase journey with cart and checkout verification')\n    def test_standard_user_purchase_journey(driver):\n        # Initialize page objects\n        login_page = LoginPage(driver)\n        inventory_page = InventoryPage(driver)\n        cart_page = CartPage(driver)\n        checkout_page = CheckoutPage(driver)\n    \n        # 1. Login\n        login_page.open()\n        login_page.login(\"standard_user\", \"secret_sauce\")\n    \n        # 2. From hamburger menu, reset the App State\n        inventory_page.open_menu()\n        inventory_page.reset_app_state()\n        inventory_page.close_menu()\n    \n        # 3. Add any three items to the cart\n        products = [\"Sauce Labs Backpack\", \"Sauce Labs Bike Light\",\n                    \"Sauce Labs Bolt T-Shirt\"]\n        for product in products:\n            inventory_page.add_product_to_cart_by_name(product)\n    \n        # 4. Navigate to cart\n        inventory_page.go_to_cart()\n    \n        # 5. Proceed to checkout\n        cart_page.proceed_to_checkout()\n    \n        # 6. Fill checkout information and continue to final page\n        checkout_page.fill_checkout_information(\"John\", \"Doe\", \"12345\")\n        checkout_page.click_continue()\n    \n        # 7. Verify product names on final checkout page\n        displayed_products = checkout_page.get_all_product_names()\n        for product in products:\n>           assert product in displayed_products, f\"{product} not found in checkout\"\nE           AssertionError: Sauce Labs Backpack not found in checkout\nE           assert 'Sauce Labs Backpack' in ['Sauce Labs Bike Light', 'Sauce Labs Bolt T-Shirt']\n\ntests\\test_q2_standard_user.py:47: AssertionError"}, "steps": [{"name": "Open login page", "status": "passed", "start": 1762583725445, "stop": 1762583726120}, {"name": "Login with username: 'standard_user'", "status": "passed", "parameters": [{"name": "username", "value": "'standard_user'"}, {"name": "password", "value": "'secret_sauce'"}], "start": 1762583726120, "stop": 1762583726502}, {"name": "Open hamburger menu", "status": "passed", "start": 1762583726502, "stop": 1762583727589}, {"name": "Reset application state", "status": "passed", "start": 1762583727590, "stop": 1762583728691}, {"name": "Close hamburger menu", "status": "passed", "start": 1762583728692, "stop": 1762583729267}, {"name": "Add product to cart: 'Sauce Labs Backpack'", "status": "passed", "parameters": [{"name": "name", "value": "'Sauce Labs Backpack'"}], "start": 1762583729268, "stop": 1762583729844}, {"name": "Add product to cart: 'Sauce Labs Bike Light'", "status": "passed", "parameters": [{"name": "name", "value": "'Sauce Labs Bike Light'"}], "start": 1762583729844, "stop": 1762583730404}, {"name": "Add product to cart: 'Sauce Labs Bolt T-Shirt'", "status": "passed", "parameters": [{"name": "name", "value": "'Sauce Labs Bolt T-Shirt'"}], "start": 1762583730404, "stop": 1762583731004}, {"name": "Navigate to shopping cart", "status": "passed", "start": 1762583731004, "stop": 1762583733260}, {"name": "Proceed to checkout", "status": "passed", "start": 1762583733261, "stop": 1762583735358}, {"name": "Fill checkout information", "status": "passed", "parameters": [{"name": "first", "value": "'John'"}, {"name": "last", "value": "'Doe'"}, {"name": "postal", "value": "'12345'"}], "start": 1762583735358, "stop": 1762583735787}, {"name": "Click continue button", "status": "passed", "start": 1762583735787, "stop": 1762583735902}, {"name": "Get all product names in checkout", "status": "passed", "start": 1762583735903, "stop": 1762583735943}], "start": 1762583725444, "stop": 1762583735944, "uuid": "a217d96a-d284-4a17-ae8a-53f42fe651fa", "historyId": "9264f9da54db9260cb828a65524a786a", "testCaseId": "9264f9da54db9260cb828a65524a786a", "fullName": "tests.test_q2_standard_user#test_standard_user_purchase_journey", "labels": [{"name": "feature", "value": "Purchase Journey"}, {"name": "story", "value": "Standard User Complete Purchase"}, {"name": "tag", "value": "q2"}, {"name": "parentSuite", "value": "tests"}, {"name": "suite", "value": "test_q2_standard_user"}, {"name": "host", "value": "Nihal-Islam-Laptop"}, {"name": "thread", "value": "15752-MainThread"}, {"name": "framework", "value": "pytest"}, {"name": "language", "value": "cpython3"}, {"name": "package", "value": "tests.test_q2_standard_user"}]}